<?xml version="1.0" encoding="UTF-8"?>
<!-- Generated by org.testng.reporters.JUnitXMLReporter -->
<testsuite hostname="mohamedtohamy-HP-ProBook-4540s" ignored="0" name="regression test" tests="4" failures="0" timestamp="2019-11-26T21:44:12 EET" time="85.483" errors="0">
  <testcase name="newUserCanInitiatLead" time="8.867" classname="tests.ShowphoneNumberTest"/>
  <testcase name="existingUserCanInitiatLead" time="9.118" classname="tests.ShowphoneNumberTest"/>
  <testcase name="loggedInUserCanInitiatLeadFirstTime" time="23.59" classname="tests.ShowphoneNumberTest"/>
  <testcase name="loggedInUserCanInitiatLeadSecondtTime" time="27.729" classname="tests.ShowphoneNumberTest"/>
</testsuite> <!-- regression test -->
