<?xml version="1.0" encoding="UTF-8"?>
<testng-results skipped="0" failed="0" total="1" passed="1">
  <reporter-output>
  </reporter-output>
  <suite name="Default suite" duration-ms="14686" started-at="2020-01-05T16:06:49Z" finished-at="2020-01-05T16:07:04Z">
    <groups>
    </groups>
    <test name="Default test" duration-ms="14686" started-at="2020-01-05T16:06:49Z" finished-at="2020-01-05T16:07:04Z">
      <class name="tests.LoginTest">
        <test-method status="PASS" signature="connectToEmail()[pri:0, instance:tests.LoginTest@d2cc05a]" name="connectToEmail" is-config="true" duration-ms="1877" started-at="2020-01-05T16:06:49Z" finished-at="2020-01-05T16:06:51Z">
        </test-method> <!-- connectToEmail -->
        <test-method status="PASS" signature="startDriver(java.lang.String)[pri:0, instance:tests.LoginTest@d2cc05a]" name="startDriver" is-config="true" duration-ms="7176" started-at="2020-01-05T16:06:51Z" finished-at="2020-01-05T16:06:59Z">
          <params>
            <param index="0">
              <value>
                <![CDATA[chrome]]>
              </value>
            </param>
          </params>
        </test-method> <!-- startDriver -->
        <test-method status="PASS" signature="userCanLoginSuccessfully()[pri:0, instance:tests.LoginTest@d2cc05a]" name="userCanLoginSuccessfully" duration-ms="5620" started-at="2020-01-05T16:06:59Z" finished-at="2020-01-05T16:07:04Z">
        </test-method> <!-- userCanLoginSuccessfully -->
        <test-method status="PASS" signature="closeDriver()[pri:0, instance:tests.LoginTest@d2cc05a]" name="closeDriver" is-config="true" duration-ms="0" started-at="2020-01-05T16:07:04Z" finished-at="2020-01-05T16:07:04Z">
        </test-method> <!-- closeDriver -->
      </class> <!-- tests.LoginTest -->
    </test> <!-- Default test -->
  </suite> <!-- Default suite -->
</testng-results>
