<?xml version="1.0" encoding="UTF-8"?>
<testng-results skipped="0" failed="0" ignored="0" total="1" passed="1">
  <reporter-output>
  </reporter-output>
  <suite name="Default suite" duration-ms="4367" started-at="2019-12-04T23:14:17 EET" finished-at="2019-12-04T23:14:21 EET">
    <groups>
    </groups>
    <test name="Default test" duration-ms="4367" started-at="2019-12-04T23:14:17 EET" finished-at="2019-12-04T23:14:21 EET">
      <class name="tests.JustTest">
        <test-method status="PASS" signature="startDriver(java.lang.String)[pri:0, instance:tests.JustTest@63e2203c]" name="startDriver" is-config="true" duration-ms="4189" started-at="2019-12-04T23:14:17 EET" finished-at="2019-12-04T23:14:21 EET">
          <params>
            <param index="0">
              <value>
                <![CDATA[chrome]]>
              </value>
            </param>
          </params>
          <reporter-output>
          </reporter-output>
        </test-method> <!-- startDriver -->
        <test-method status="PASS" signature="userCanAddToLocalStorage()[pri:0, instance:tests.JustTest@63e2203c]" name="userCanAddToLocalStorage" duration-ms="60" started-at="2019-12-04T23:14:21 EET" finished-at="2019-12-04T23:14:21 EET">
          <reporter-output>
          </reporter-output>
        </test-method> <!-- userCanAddToLocalStorage -->
        <test-method status="PASS" signature="closeDriver()[pri:0, instance:tests.JustTest@63e2203c]" name="closeDriver" is-config="true" duration-ms="73" started-at="2019-12-04T23:14:21 EET" finished-at="2019-12-04T23:14:21 EET">
          <reporter-output>
          </reporter-output>
        </test-method> <!-- closeDriver -->
      </class> <!-- tests.JustTest -->
    </test> <!-- Default test -->
  </suite> <!-- Default suite -->
</testng-results>
